2021-05-18 11:56:21,329 INFO org.springframework.boot.StartupInfoLogger [main] Starting CuartaPracticaAccesoDatosMayoApplication using Java 11.0.8 on DESKTOP-SPU9LGP with PID 7332 (C:\Users\shady\Documents\Proyectos_IntelliJ\CuartaPracticaAccesoDatosMayo\target\classes started by shady in C:\Users\shady\Documents\Proyectos_IntelliJ\CuartaPracticaAccesoDatosMayo)
2021-05-18 11:56:21,332 INFO org.springframework.boot.SpringApplication [main] No active profile set, falling back to default profiles: default
2021-05-18 11:56:21,893 INFO org.springframework.data.repository.config.RepositoryConfigurationDelegate [main] Bootstrapping Spring Data JPA repositories in DEFAULT mode.
2021-05-18 11:56:21,941 INFO org.springframework.data.repository.config.RepositoryConfigurationDelegate [main] Finished Spring Data repository scanning in 40 ms. Found 3 JPA repository interfaces.
2021-05-18 11:56:22,427 INFO org.springframework.boot.web.embedded.tomcat.TomcatWebServer [main] Tomcat initialized with port(s): 8080 (http)
2021-05-18 11:56:22,437 INFO org.apache.juli.logging.DirectJDKLog [main] Initializing ProtocolHandler ["http-nio-8080"]
2021-05-18 11:56:22,437 INFO org.apache.juli.logging.DirectJDKLog [main] Starting service [Tomcat]
2021-05-18 11:56:22,438 INFO org.apache.juli.logging.DirectJDKLog [main] Starting Servlet engine: [Apache Tomcat/9.0.45]
2021-05-18 11:56:22,539 INFO org.apache.juli.logging.DirectJDKLog [main] Initializing Spring embedded WebApplicationContext
2021-05-18 11:56:22,540 INFO org.springframework.boot.web.servlet.context.ServletWebServerApplicationContext [main] Root WebApplicationContext: initialization completed in 1176 ms
2021-05-18 11:56:22,677 INFO org.hibernate.jpa.internal.util.LogHelper [main] HHH000204: Processing PersistenceUnitInfo [name: default]
2021-05-18 11:56:22,723 INFO org.hibernate.Version [main] HHH000412: Hibernate ORM core version 5.4.30.Final
2021-05-18 11:56:22,806 INFO org.hibernate.annotations.common.reflection.java.JavaReflectionManager [main] HCANN000001: Hibernate Commons Annotations {5.1.2.Final}
2021-05-18 11:56:22,878 INFO com.zaxxer.hikari.HikariDataSource [main] HikariPool-1 - Starting...
2021-05-18 11:56:23,004 INFO com.zaxxer.hikari.HikariDataSource [main] HikariPool-1 - Start completed.
2021-05-18 11:56:23,018 INFO org.hibernate.dialect.Dialect [main] HHH000400: Using dialect: org.hibernate.dialect.MySQL55Dialect
2021-05-18 11:56:23,495 INFO org.hibernate.engine.transaction.jta.platform.internal.JtaPlatformInitiator [main] HHH000490: Using JtaPlatform implementation: [org.hibernate.engine.transaction.jta.platform.internal.NoJtaPlatform]
2021-05-18 11:56:23,503 INFO org.springframework.orm.jpa.AbstractEntityManagerFactoryBean [main] Initialized JPA EntityManagerFactory for persistence unit 'default'
2021-05-18 11:56:23,822 WARN org.springframework.boot.autoconfigure.orm.jpa.JpaBaseConfiguration$JpaWebConfiguration [main] spring.jpa.open-in-view is enabled by default. Therefore, database queries may be performed during view rendering. Explicitly configure spring.jpa.open-in-view to disable this warning
2021-05-18 11:56:23,875 INFO org.springframework.scheduling.concurrent.ExecutorConfigurationSupport [main] Initializing ExecutorService 'applicationTaskExecutor'
2021-05-18 11:56:23,928 WARN org.springframework.context.support.AbstractApplicationContext [main] Exception encountered during context initialization - cancelling refresh attempt: org.springframework.beans.factory.BeanCreationException: Error creating bean with name 'requestMappingHandlerMapping' defined in class path resource [org/springframework/boot/autoconfigure/web/servlet/WebMvcAutoConfiguration$EnableWebMvcConfiguration.class]: Invocation of init method failed; nested exception is java.lang.IllegalStateException: Ambiguous mapping. Cannot map 'ingredientController' method 
com.sanvalero.cuartapracticaaccesodatosmayo.controller.IngredientController#getIngredientsByPriceAndVegan(float, boolean)
to {GET [/restaurants/ingredients], produces [application/json]}: There is already 'ingredientController' bean method
com.sanvalero.cuartapracticaaccesodatosmayo.controller.IngredientController#getIngredients() mapped.
2021-05-18 11:56:23,928 INFO org.springframework.scheduling.concurrent.ExecutorConfigurationSupport [main] Shutting down ExecutorService 'applicationTaskExecutor'
2021-05-18 11:56:23,928 INFO org.springframework.orm.jpa.AbstractEntityManagerFactoryBean [main] Closing JPA EntityManagerFactory for persistence unit 'default'
2021-05-18 11:56:23,932 INFO com.zaxxer.hikari.HikariDataSource [main] HikariPool-1 - Shutdown initiated...
2021-05-18 11:56:23,939 INFO com.zaxxer.hikari.HikariDataSource [main] HikariPool-1 - Shutdown completed.
2021-05-18 11:56:23,940 INFO org.apache.juli.logging.DirectJDKLog [main] Stopping service [Tomcat]
2021-05-18 11:56:23,949 INFO org.springframework.boot.autoconfigure.logging.ConditionEvaluationReportLoggingListener [main] 

Error starting ApplicationContext. To display the conditions report re-run your application with 'debug' enabled.
2021-05-18 11:56:23,964 ERROR org.springframework.boot.SpringApplication [main] Application run failed
org.springframework.beans.factory.BeanCreationException: Error creating bean with name 'requestMappingHandlerMapping' defined in class path resource [org/springframework/boot/autoconfigure/web/servlet/WebMvcAutoConfiguration$EnableWebMvcConfiguration.class]: Invocation of init method failed; nested exception is java.lang.IllegalStateException: Ambiguous mapping. Cannot map 'ingredientController' method 
com.sanvalero.cuartapracticaaccesodatosmayo.controller.IngredientController#getIngredientsByPriceAndVegan(float, boolean)
to {GET [/restaurants/ingredients], produces [application/json]}: There is already 'ingredientController' bean method
com.sanvalero.cuartapracticaaccesodatosmayo.controller.IngredientController#getIngredients() mapped.
	at org.springframework.beans.factory.support.AbstractAutowireCapableBeanFactory.initializeBean(AbstractAutowireCapableBeanFactory.java:1786)
	at org.springframework.beans.factory.support.AbstractAutowireCapableBeanFactory.doCreateBean(AbstractAutowireCapableBeanFactory.java:602)
	at org.springframework.beans.factory.support.AbstractAutowireCapableBeanFactory.createBean(AbstractAutowireCapableBeanFactory.java:524)
	at org.springframework.beans.factory.support.AbstractBeanFactory.lambda$doGetBean$0(AbstractBeanFactory.java:335)
	at org.springframework.beans.factory.support.DefaultSingletonBeanRegistry.getSingleton(DefaultSingletonBeanRegistry.java:234)
	at org.springframework.beans.factory.support.AbstractBeanFactory.doGetBean(AbstractBeanFactory.java:333)
	at org.springframework.beans.factory.support.AbstractBeanFactory.getBean(AbstractBeanFactory.java:208)
	at org.springframework.beans.factory.support.DefaultListableBeanFactory.preInstantiateSingletons(DefaultListableBeanFactory.java:944)
	at org.springframework.context.support.AbstractApplicationContext.finishBeanFactoryInitialization(AbstractApplicationContext.java:918)
	at org.springframework.context.support.AbstractApplicationContext.refresh(AbstractApplicationContext.java:583)
	at org.springframework.boot.web.servlet.context.ServletWebServerApplicationContext.refresh(ServletWebServerApplicationContext.java:144)
	at org.springframework.boot.SpringApplication.refresh(SpringApplication.java:782)
	at org.springframework.boot.SpringApplication.refresh(SpringApplication.java:774)
	at org.springframework.boot.SpringApplication.refreshContext(SpringApplication.java:439)
	at org.springframework.boot.SpringApplication.run(SpringApplication.java:339)
	at org.springframework.boot.SpringApplication.run(SpringApplication.java:1340)
	at org.springframework.boot.SpringApplication.run(SpringApplication.java:1329)
	at com.sanvalero.cuartapracticaaccesodatosmayo.CuartaPracticaAccesoDatosMayoApplication.main(CuartaPracticaAccesoDatosMayoApplication.java:10)
Caused by: java.lang.IllegalStateException: Ambiguous mapping. Cannot map 'ingredientController' method 
com.sanvalero.cuartapracticaaccesodatosmayo.controller.IngredientController#getIngredientsByPriceAndVegan(float, boolean)
to {GET [/restaurants/ingredients], produces [application/json]}: There is already 'ingredientController' bean method
com.sanvalero.cuartapracticaaccesodatosmayo.controller.IngredientController#getIngredients() mapped.
	at org.springframework.web.servlet.handler.AbstractHandlerMethodMapping$MappingRegistry.validateMethodMapping(AbstractHandlerMethodMapping.java:662)
	at org.springframework.web.servlet.handler.AbstractHandlerMethodMapping$MappingRegistry.register(AbstractHandlerMethodMapping.java:628)
	at org.springframework.web.servlet.handler.AbstractHandlerMethodMapping.registerHandlerMethod(AbstractHandlerMethodMapping.java:328)
	at org.springframework.web.servlet.mvc.method.annotation.RequestMappingHandlerMapping.registerHandlerMethod(RequestMappingHandlerMapping.java:395)
	at org.springframework.web.servlet.mvc.method.annotation.RequestMappingHandlerMapping.registerHandlerMethod(RequestMappingHandlerMapping.java:76)
	at org.springframework.web.servlet.handler.AbstractHandlerMethodMapping.lambda$detectHandlerMethods$2(AbstractHandlerMethodMapping.java:298)
	at java.base/java.util.LinkedHashMap.forEach(LinkedHashMap.java:684)
	at org.springframework.web.servlet.handler.AbstractHandlerMethodMapping.detectHandlerMethods(AbstractHandlerMethodMapping.java:296)
	at org.springframework.web.servlet.handler.AbstractHandlerMethodMapping.processCandidateBean(AbstractHandlerMethodMapping.java:265)
	at org.springframework.web.servlet.handler.AbstractHandlerMethodMapping.initHandlerMethods(AbstractHandlerMethodMapping.java:224)
	at org.springframework.web.servlet.handler.AbstractHandlerMethodMapping.afterPropertiesSet(AbstractHandlerMethodMapping.java:212)
	at org.springframework.web.servlet.mvc.method.annotation.RequestMappingHandlerMapping.afterPropertiesSet(RequestMappingHandlerMapping.java:206)
	at org.springframework.beans.factory.support.AbstractAutowireCapableBeanFactory.invokeInitMethods(AbstractAutowireCapableBeanFactory.java:1845)
	at org.springframework.beans.factory.support.AbstractAutowireCapableBeanFactory.initializeBean(AbstractAutowireCapableBeanFactory.java:1782)
	... 17 common frames omitted
2021-05-18 11:57:45,011 INFO org.springframework.boot.StartupInfoLogger [main] Starting CuartaPracticaAccesoDatosMayoApplication using Java 11.0.8 on DESKTOP-SPU9LGP with PID 6804 (C:\Users\shady\Documents\Proyectos_IntelliJ\CuartaPracticaAccesoDatosMayo\target\classes started by shady in C:\Users\shady\Documents\Proyectos_IntelliJ\CuartaPracticaAccesoDatosMayo)
2021-05-18 11:57:45,013 INFO org.springframework.boot.SpringApplication [main] No active profile set, falling back to default profiles: default
2021-05-18 11:57:45,587 INFO org.springframework.data.repository.config.RepositoryConfigurationDelegate [main] Bootstrapping Spring Data JPA repositories in DEFAULT mode.
2021-05-18 11:57:45,642 INFO org.springframework.data.repository.config.RepositoryConfigurationDelegate [main] Finished Spring Data repository scanning in 48 ms. Found 3 JPA repository interfaces.
2021-05-18 11:57:46,180 INFO org.springframework.boot.web.embedded.tomcat.TomcatWebServer [main] Tomcat initialized with port(s): 8080 (http)
2021-05-18 11:57:46,193 INFO org.apache.juli.logging.DirectJDKLog [main] Initializing ProtocolHandler ["http-nio-8080"]
2021-05-18 11:57:46,194 INFO org.apache.juli.logging.DirectJDKLog [main] Starting service [Tomcat]
2021-05-18 11:57:46,195 INFO org.apache.juli.logging.DirectJDKLog [main] Starting Servlet engine: [Apache Tomcat/9.0.45]
2021-05-18 11:57:46,336 INFO org.apache.juli.logging.DirectJDKLog [main] Initializing Spring embedded WebApplicationContext
2021-05-18 11:57:46,337 INFO org.springframework.boot.web.servlet.context.ServletWebServerApplicationContext [main] Root WebApplicationContext: initialization completed in 1290 ms
2021-05-18 11:57:46,509 INFO org.hibernate.jpa.internal.util.LogHelper [main] HHH000204: Processing PersistenceUnitInfo [name: default]
2021-05-18 11:57:46,556 INFO org.hibernate.Version [main] HHH000412: Hibernate ORM core version 5.4.30.Final
2021-05-18 11:57:46,643 INFO org.hibernate.annotations.common.reflection.java.JavaReflectionManager [main] HCANN000001: Hibernate Commons Annotations {5.1.2.Final}
2021-05-18 11:57:46,715 INFO com.zaxxer.hikari.HikariDataSource [main] HikariPool-1 - Starting...
2021-05-18 11:57:46,842 INFO com.zaxxer.hikari.HikariDataSource [main] HikariPool-1 - Start completed.
2021-05-18 11:57:46,855 INFO org.hibernate.dialect.Dialect [main] HHH000400: Using dialect: org.hibernate.dialect.MySQL55Dialect
2021-05-18 11:57:47,340 INFO org.hibernate.engine.transaction.jta.platform.internal.JtaPlatformInitiator [main] HHH000490: Using JtaPlatform implementation: [org.hibernate.engine.transaction.jta.platform.internal.NoJtaPlatform]
2021-05-18 11:57:47,347 INFO org.springframework.orm.jpa.AbstractEntityManagerFactoryBean [main] Initialized JPA EntityManagerFactory for persistence unit 'default'
2021-05-18 11:57:47,669 WARN org.springframework.boot.autoconfigure.orm.jpa.JpaBaseConfiguration$JpaWebConfiguration [main] spring.jpa.open-in-view is enabled by default. Therefore, database queries may be performed during view rendering. Explicitly configure spring.jpa.open-in-view to disable this warning
2021-05-18 11:57:47,722 INFO org.springframework.scheduling.concurrent.ExecutorConfigurationSupport [main] Initializing ExecutorService 'applicationTaskExecutor'
2021-05-18 11:57:48,051 WARN org.springframework.boot.autoconfigure.thymeleaf.ThymeleafAutoConfiguration$DefaultTemplateResolverConfiguration [main] Cannot find template location: classpath:/templates/ (please add some templates or check your Thymeleaf configuration)
2021-05-18 11:57:48,182 INFO org.apache.juli.logging.DirectJDKLog [main] Starting ProtocolHandler ["http-nio-8080"]
2021-05-18 11:57:48,199 INFO org.springframework.boot.web.embedded.tomcat.TomcatWebServer [main] Tomcat started on port(s): 8080 (http) with context path ''
2021-05-18 11:57:48,208 INFO org.springframework.boot.StartupInfoLogger [main] Started CuartaPracticaAccesoDatosMayoApplication in 3.575 seconds (JVM running for 3.928)
2021-05-18 12:00:41,389 INFO org.apache.juli.logging.DirectJDKLog [http-nio-8080-exec-2] Initializing Spring DispatcherServlet 'dispatcherServlet'
2021-05-18 12:00:41,389 INFO org.springframework.web.servlet.FrameworkServlet [http-nio-8080-exec-2] Initializing Servlet 'dispatcherServlet'
2021-05-18 12:00:41,392 INFO org.springframework.web.servlet.FrameworkServlet [http-nio-8080-exec-2] Completed initialization in 2 ms
2021-05-18 12:00:41,456 INFO com.sanvalero.cuartapracticaaccesodatosmayo.controller.IngredientController [http-nio-8080-exec-2] Init getIngredientsByPriceAndVegan
2021-05-18 12:00:41,567 INFO com.sanvalero.cuartapracticaaccesodatosmayo.controller.IngredientController [http-nio-8080-exec-2] End getIngredientsByPriceAndVegan
2021-05-18 12:00:52,610 INFO com.sanvalero.cuartapracticaaccesodatosmayo.controller.IngredientController [http-nio-8080-exec-3] Init getIngredientsByPriceAndVegan
2021-05-18 12:00:52,611 INFO com.sanvalero.cuartapracticaaccesodatosmayo.controller.IngredientController [http-nio-8080-exec-3] End getIngredientsByPriceAndVegan
2021-05-18 12:04:19,251 INFO com.sanvalero.cuartapracticaaccesodatosmayo.controller.IngredientController [http-nio-8080-exec-6] Init getIngredientsByPriceAndVegan
2021-05-18 12:04:19,257 INFO com.sanvalero.cuartapracticaaccesodatosmayo.controller.IngredientController [http-nio-8080-exec-6] End getIngredientsByPriceAndVegan
2021-05-18 12:36:23,614 INFO org.springframework.boot.StartupInfoLogger [main] Starting CuartaPracticaAccesoDatosMayoApplication using Java 11.0.8 on DESKTOP-SPU9LGP with PID 6604 (C:\Users\shady\Documents\Proyectos_IntelliJ\CuartaPracticaAccesoDatosMayo\target\classes started by shady in C:\Users\shady\Documents\Proyectos_IntelliJ\CuartaPracticaAccesoDatosMayo)
2021-05-18 12:36:23,617 INFO org.springframework.boot.SpringApplication [main] No active profile set, falling back to default profiles: default
2021-05-18 12:36:24,324 INFO org.springframework.data.repository.config.RepositoryConfigurationDelegate [main] Bootstrapping Spring Data JPA repositories in DEFAULT mode.
2021-05-18 12:36:24,384 INFO org.springframework.data.repository.config.RepositoryConfigurationDelegate [main] Finished Spring Data repository scanning in 52 ms. Found 3 JPA repository interfaces.
2021-05-18 12:36:24,970 INFO org.springframework.boot.web.embedded.tomcat.TomcatWebServer [main] Tomcat initialized with port(s): 8080 (http)
2021-05-18 12:36:24,985 INFO org.apache.juli.logging.DirectJDKLog [main] Initializing ProtocolHandler ["http-nio-8080"]
2021-05-18 12:36:24,987 INFO org.apache.juli.logging.DirectJDKLog [main] Starting service [Tomcat]
2021-05-18 12:36:24,987 INFO org.apache.juli.logging.DirectJDKLog [main] Starting Servlet engine: [Apache Tomcat/9.0.45]
2021-05-18 12:36:25,103 INFO org.apache.juli.logging.DirectJDKLog [main] Initializing Spring embedded WebApplicationContext
2021-05-18 12:36:25,103 INFO org.springframework.boot.web.servlet.context.ServletWebServerApplicationContext [main] Root WebApplicationContext: initialization completed in 1445 ms
2021-05-18 12:36:25,263 INFO org.hibernate.jpa.internal.util.LogHelper [main] HHH000204: Processing PersistenceUnitInfo [name: default]
2021-05-18 12:36:25,318 INFO org.hibernate.Version [main] HHH000412: Hibernate ORM core version 5.4.30.Final
2021-05-18 12:36:25,415 INFO org.hibernate.annotations.common.reflection.java.JavaReflectionManager [main] HCANN000001: Hibernate Commons Annotations {5.1.2.Final}
2021-05-18 12:36:25,494 INFO com.zaxxer.hikari.HikariDataSource [main] HikariPool-1 - Starting...
2021-05-18 12:36:25,634 INFO com.zaxxer.hikari.HikariDataSource [main] HikariPool-1 - Start completed.
2021-05-18 12:36:25,648 INFO org.hibernate.dialect.Dialect [main] HHH000400: Using dialect: org.hibernate.dialect.MySQL55Dialect
2021-05-18 12:36:26,289 INFO org.hibernate.engine.transaction.jta.platform.internal.JtaPlatformInitiator [main] HHH000490: Using JtaPlatform implementation: [org.hibernate.engine.transaction.jta.platform.internal.NoJtaPlatform]
2021-05-18 12:36:26,296 INFO org.springframework.orm.jpa.AbstractEntityManagerFactoryBean [main] Initialized JPA EntityManagerFactory for persistence unit 'default'
2021-05-18 12:36:26,666 WARN org.springframework.boot.autoconfigure.orm.jpa.JpaBaseConfiguration$JpaWebConfiguration [main] spring.jpa.open-in-view is enabled by default. Therefore, database queries may be performed during view rendering. Explicitly configure spring.jpa.open-in-view to disable this warning
2021-05-18 12:36:26,726 INFO org.springframework.scheduling.concurrent.ExecutorConfigurationSupport [main] Initializing ExecutorService 'applicationTaskExecutor'
2021-05-18 12:36:27,114 WARN org.springframework.boot.autoconfigure.thymeleaf.ThymeleafAutoConfiguration$DefaultTemplateResolverConfiguration [main] Cannot find template location: classpath:/templates/ (please add some templates or check your Thymeleaf configuration)
2021-05-18 12:36:27,267 INFO org.apache.juli.logging.DirectJDKLog [main] Starting ProtocolHandler ["http-nio-8080"]
2021-05-18 12:36:27,288 INFO org.springframework.boot.web.embedded.tomcat.TomcatWebServer [main] Tomcat started on port(s): 8080 (http) with context path ''
2021-05-18 12:36:27,296 INFO org.springframework.boot.StartupInfoLogger [main] Started CuartaPracticaAccesoDatosMayoApplication in 4.115 seconds (JVM running for 4.525)
2021-05-18 12:37:33,196 INFO org.apache.juli.logging.DirectJDKLog [http-nio-8080-exec-4] Initializing Spring DispatcherServlet 'dispatcherServlet'
2021-05-18 12:37:33,196 INFO org.springframework.web.servlet.FrameworkServlet [http-nio-8080-exec-4] Initializing Servlet 'dispatcherServlet'
2021-05-18 12:37:33,198 INFO org.springframework.web.servlet.FrameworkServlet [http-nio-8080-exec-4] Completed initialization in 2 ms
2021-05-18 12:37:33,237 INFO com.sanvalero.cuartapracticaaccesodatosmayo.controller.RestaurantController [http-nio-8080-exec-4] Init getRestaurantsByPriceAndVegan
2021-05-18 12:37:33,336 INFO com.sanvalero.cuartapracticaaccesodatosmayo.controller.RestaurantController [http-nio-8080-exec-4] End getRestaurantsByPriceAndVegan
2021-05-18 12:37:53,050 INFO com.sanvalero.cuartapracticaaccesodatosmayo.controller.RestaurantController [http-nio-8080-exec-3] Init getRestaurantsByPriceAndVegan
2021-05-18 12:37:53,053 INFO com.sanvalero.cuartapracticaaccesodatosmayo.controller.RestaurantController [http-nio-8080-exec-3] End getRestaurantsByPriceAndVegan
